<?xml version="1.0" encoding="utf-8"?><testsuites name="pytest tests"><testsuite name="pytest" errors="0" failures="1" skipped="0" tests="13" time="4.577" timestamp="2026-03-09T06:26:10.963058+00:00" hostname="agent-env-7a5cc980-e570-40e8-80d9-a446d211b2a5"><testcase classname="backend.tests.test_sf_extraction.TestWebhookSFExtraction" name="test_sf_extraction_from_root_level" time="0.701" /><testcase classname="backend.tests.test_sf_extraction.TestWebhookSFExtraction" name="test_sf_extraction_from_dr_field" time="0.363" /><testcase classname="backend.tests.test_sf_extraction.TestWebhookSFExtraction" name="test_sf_extraction_from_rxinfo" time="0.387" /><testcase classname="backend.tests.test_sf_extraction.TestWebhookSFExtraction" name="test_sf_extraction_priority_root_over_dr" time="0.324" /><testcase classname="backend.tests.test_sf_extraction.TestRecalculateSFEndpoint" name="test_recalculate_sf_endpoint_exists" time="0.378" /><testcase classname="backend.tests.test_sf_extraction.TestRecalculateSFEndpoint" name="test_recalculate_sf_updates_device_buffers" time="0.646" /><testcase classname="backend.tests.test_sf_extraction.TestResetSFHistoryEndpoint" name="test_reset_sf_history_endpoint_exists" time="0.120" /><testcase classname="backend.tests.test_sf_extraction.TestResetSFHistoryEndpoint" name="test_reset_sf_history_clears_buffers" time="0.711" /><testcase classname="backend.tests.test_sf_extraction.TestHeatmapEndpoint" name="test_heatmap_returns_sf_data" time="0.132" /><testcase classname="backend.tests.test_sf_extraction.TestHeatmapEndpoint" name="test_heatmap_color_categories" time="0.114" /><testcase classname="backend.tests.test_sf_extraction.TestStatsEndpoint" name="test_stats_returns_sf_distribution" time="0.104" /><testcase classname="backend.tests.test_sf_extraction.TestDRMapping" name="test_dr_mapping_values" time="0.327"><failure message="AssertionError: DR=0 should map to SF=12, got SF=7&#10;assert 7 == 12">backend/tests/test_sf_extraction.py:325: in test_dr_mapping_values
    assert actual_sf == expected_sf, f"DR={dr} should map to SF={expected_sf}, got SF={actual_sf}"
E   AssertionError: DR=0 should map to SF=12, got SF=7
E   assert 7 == 12</failure></testcase><testcase classname="backend.tests.test_sf_extraction.TestDeviceLocationCluj" name="test_devices_in_cluj_area" time="0.121" /></testsuite></testsuites>